<?xml version="1.0" encoding="UTF-8"?>
<testsuite name="com.shcar.demob.DemobApplicationTests" tests="1" skipped="0" failures="0" errors="0" timestamp="2023-02-06T12:28:22" hostname="AiharaenjudeMacBook-Pro.local" time="1.482">
  <properties/>
  <testcase name="sellingTest()" classname="com.shcar.demob.DemobApplicationTests" time="1.482"/>
  <system-out><![CDATA[20:28:13.239 [Test worker] DEBUG org.springframework.boot.test.context.SpringBootTestContextBootstrapper - Neither @ContextConfiguration nor @ContextHierarchy found for test class [DemobApplicationTests]: using SpringBootContextLoader
20:28:13.247 [Test worker] DEBUG org.springframework.test.context.support.AbstractContextLoader - Could not detect default resource locations for test class [com.shcar.demob.DemobApplicationTests]: no resource found for suffixes {-context.xml, Context.groovy}.
20:28:13.248 [Test worker] INFO org.springframework.test.context.support.AnnotationConfigContextLoaderUtils - Could not detect default configuration classes for test class [com.shcar.demob.DemobApplicationTests]: DemobApplicationTests does not declare any static, non-private, non-final, nested classes annotated with @Configuration.
20:28:13.283 [Test worker] DEBUG org.springframework.boot.test.context.SpringBootTestContextBootstrapper - Using ContextCustomizers for test class [DemobApplicationTests]: [DisableObservabilityContextCustomizer, PropertyMappingContextCustomizer, Customizer, ExcludeFilterContextCustomizer, DuplicateJsonObjectContextCustomizer, MockitoContextCustomizer, TestRestTemplateContextCustomizer]
20:28:13.386 [Test worker] DEBUG org.springframework.context.annotation.ClassPathScanningCandidateComponentProvider - Identified candidate component class: file [/Users/aiharaenju/Documents/Gitee/shcar/demob/build/classes/java/main/com/shcar/demob/DemobApplication.class]
20:28:13.389 [Test worker] INFO org.springframework.boot.test.context.SpringBootTestContextBootstrapper - Found @SpringBootConfiguration com.shcar.demob.DemobApplication for test class com.shcar.demob.DemobApplicationTests
20:28:13.539 [Test worker] DEBUG org.springframework.boot.test.context.SpringBootTestContextBootstrapper - Using TestExecutionListeners for test class [DemobApplicationTests]: [ServletTestExecutionListener, DirtiesContextBeforeModesTestExecutionListener, ApplicationEventsTestExecutionListener, MockitoTestExecutionListener, DependencyInjectionTestExecutionListener, DirtiesContextTestExecutionListener, TransactionalTestExecutionListener, SqlScriptsTestExecutionListener, EventPublishingTestExecutionListener, RestDocsTestExecutionListener, MockRestServiceServerResetTestExecutionListener, MockMvcPrintOnlyOnFailureTestExecutionListener, WebDriverTestExecutionListener, MockWebServiceServerTestExecutionListener, ResetMocksTestExecutionListener]
20:28:13.542 [Test worker] DEBUG org.springframework.test.context.support.AbstractDirtiesContextTestExecutionListener - Before test class: class [DemobApplicationTests], class annotated with @DirtiesContext [false] with mode [null]

  .   ____          _            __ _ _
 /\\ / ___'_ __ _ _(_)_ __  __ _ \ \ \ \
( ( )\___ | '_ | '_| | '_ \/ _` | \ \ \ \
 \\/  ___)| |_)| | | | | || (_| |  ) ) ) )
  '  |____| .__|_| |_|_| |_\__, | / / / /
 =========|_|==============|___/=/_/_/_/
 :: Spring Boot ::                (v3.0.2)

2023-02-06T20:28:14.051+08:00  INFO 25931 --- [    Test worker] com.shcar.demob.DemobApplicationTests    : Starting DemobApplicationTests using Java 17.0.6 with PID 25931 (started by aiharaenju in /Users/aiharaenju/Documents/Gitee/shcar/demob)
2023-02-06T20:28:14.054+08:00 DEBUG 25931 --- [    Test worker] com.shcar.demob.DemobApplicationTests    : Running with Spring Boot v3.0.2, Spring v6.0.4
2023-02-06T20:28:14.056+08:00  INFO 25931 --- [    Test worker] com.shcar.demob.DemobApplicationTests    : No active profile set, falling back to 1 default profile: "default"
 _ _   |_  _ _|_. ___ _ |    _ 
| | |\/|_)(_| | |_\  |_)||_|_\ 
     /               |         
                        3.5.3.1 
2023-02-06T20:28:22.860+08:00  INFO 25931 --- [    Test worker] com.shcar.demob.DemobApplicationTests    : Started DemobApplicationTests in 9.183 seconds (process running for 10.902)
2023-02-06T20:28:23.510+08:00  INFO 25931 --- [    Test worker] com.zaxxer.hikari.HikariDataSource       : HikariPool-1 - Starting...
2023-02-06T20:28:24.173+08:00  INFO 25931 --- [    Test worker] com.zaxxer.hikari.pool.HikariPool        : HikariPool-1 - Added connection com.mysql.cj.jdbc.ConnectionImpl@7be7c052
2023-02-06T20:28:24.183+08:00  INFO 25931 --- [    Test worker] com.zaxxer.hikari.HikariDataSource       : HikariPool-1 - Start completed.
2023-02-06T20:28:24.202+08:00 DEBUG 25931 --- [    Test worker] c.s.d.mapper.SellingMapper.selectList    : ==>  Preparing: SELECT id,model,grade,auction_site,location,lot_no,year,type,cc,inspect,odo,color,tm,ac,score,ext_int,start_price,start_date,start_time,seller,method,state FROM selling
2023-02-06T20:28:24.247+08:00 DEBUG 25931 --- [    Test worker] c.s.d.mapper.SellingMapper.selectList    : ==> Parameters: 
2023-02-06T20:28:24.313+08:00 TRACE 25931 --- [    Test worker] c.s.d.mapper.SellingMapper.selectList    : <==    Columns: id, model, grade, auction_site, location, lot_no, year, type, cc, inspect, odo, color, tm, ac, score, ext_int, start_price, start_date, start_time, seller, method, state
2023-02-06T20:28:24.314+08:00 TRACE 25931 --- [    Test worker] c.s.d.mapper.SellingMapper.selectList    : <==        Row: 1, 红旗, A, 广州, 广州, 10048, 2013, H9, 1989, 2023.1.4, 47000, 黑色, M, AC, 4, C B, 150000, 2023.1.20, 11:20, 2, 0, 0
2023-02-06T20:28:24.319+08:00 TRACE 25931 --- [    Test worker] c.s.d.mapper.SellingMapper.selectList    : <==        Row: 2, 小鹏, C, 上海, 上海, 10078, 2018, P7, 1293, 2022.10.18, 21567, 白色, M, AC, 5, C B, 109999, 2023.1.21, 10:00, 2, 1, 0
2023-02-06T20:28:24.321+08:00 TRACE 25931 --- [    Test worker] c.s.d.mapper.SellingMapper.selectList    : <==        Row: 3, 理想, B, 上海, 上海, 12303, 2020, ONE, 2749, 2022.12.12, 10089, 绿色, M, AC, 4, C B, 250000, 2023.2.7, 14:00, 2, 2, 0
2023-02-06T20:28:24.322+08:00 TRACE 25931 --- [    Test worker] c.s.d.mapper.SellingMapper.selectList    : <==        Row: 4, 名爵, E, 深圳, 深圳, 20018, 2011, 名爵5, 2291, 2022.12.8, 120032, 黄色, M, AC, 3, C B, 18888, 2023.1.23, 11:00, 2, 1, 0
2023-02-06T20:28:24.323+08:00 TRACE 25931 --- [    Test worker] c.s.d.mapper.SellingMapper.selectList    : <==        Row: 5, 坦克, B, 广州, 广州, 20112, 2017, 500, 2381, 2023.2.16, 43821, 银色, M, AC, 5, C B, 185329, 2023.2.3, 12:00, 2, 0, 0
2023-02-06T20:28:24.326+08:00 DEBUG 25931 --- [    Test worker] c.s.d.mapper.SellingMapper.selectList    : <==      Total: 5
Selling(id=1, model=红旗, grade=A, auctionSite=广州, location=广州, lotNo=10048, year=2013, type=H9, cc=1989, inspect=2023.1.4, odo=47000, color=黑色, tm=M, ac=AC, score=4, extInt=C B, startPrice=150000, startDate=2023.1.20, startTime=11:20, seller=2, method=0, state=0)
Selling(id=2, model=小鹏, grade=C, auctionSite=上海, location=上海, lotNo=10078, year=2018, type=P7, cc=1293, inspect=2022.10.18, odo=21567, color=白色, tm=M, ac=AC, score=5, extInt=C B, startPrice=109999, startDate=2023.1.21, startTime=10:00, seller=2, method=1, state=0)
Selling(id=3, model=理想, grade=B, auctionSite=上海, location=上海, lotNo=12303, year=2020, type=ONE, cc=2749, inspect=2022.12.12, odo=10089, color=绿色, tm=M, ac=AC, score=4, extInt=C B, startPrice=250000, startDate=2023.2.7, startTime=14:00, seller=2, method=2, state=0)
Selling(id=4, model=名爵, grade=E, auctionSite=深圳, location=深圳, lotNo=20018, year=2011, type=名爵5, cc=2291, inspect=2022.12.8, odo=120032, color=黄色, tm=M, ac=AC, score=3, extInt=C B, startPrice=18888, startDate=2023.1.23, startTime=11:00, seller=2, method=1, state=0)
Selling(id=5, model=坦克, grade=B, auctionSite=广州, location=广州, lotNo=20112, year=2017, type=500, cc=2381, inspect=2023.2.16, odo=43821, color=银色, tm=M, ac=AC, score=5, extInt=C B, startPrice=185329, startDate=2023.2.3, startTime=12:00, seller=2, method=0, state=0)
]]></system-out>
  <system-err><![CDATA[]]></system-err>
</testsuite>
